2025-04-22 14:08:31 - interface - DEBUG - Initialized DatabaseAnalyzerCLI
2025-04-22 14:08:31 - interface - INFO - Starting Database Schema Analyzer
2025-04-22 14:08:54 - config - DEBUG - Loaded configurations from app-config/database_configurations.json
2025-04-22 14:08:54 - analyzer - DEBUG - Loaded 3 configurations
2025-04-22 14:09:05 - analyzer - DEBUG - Set config: BikeStores
2025-04-22 14:09:05 - interface - DEBUG - Selected configuration: BikeStores
2025-04-22 14:09:05 - connection - INFO - Connected to database: BikeStores
2025-04-22 14:09:05 - analyzer - DEBUG - Initializing managers for BikeStores
2025-04-22 14:09:05 - schema - DEBUG - Initialized SchemaManager for BikeStores
2025-04-22 14:09:05 - schema - ERROR - Error getting schema mtime: ('42S22', "[42S22] [Microsoft][ODBC Driver 17 for SQL Server][SQL Server]Invalid column name 'table_creation_date'. (207) (SQLExecDirectW); [42S22] [Microsoft][ODBC Driver 17 for SQL Server][SQL Server]Invalid column name 'column_modified_date'. (207); [42S22] [Microsoft][ODBC Driver 17 for SQL Server][SQL Server]Invalid column name 'last_update'. (207); [42S22] [Microsoft][ODBC Driver 17 for SQL Server][SQL Server]No column name was specified for column 1 of 't'. (8155)")
2025-04-22 14:09:05 - schema - DEBUG - Latest schema change: inf, Cache mtime: 1745310216.7126708
2025-04-22 14:09:05 - analyzer - DEBUG - Building fresh schema
2025-04-22 14:09:05 - schema - DEBUG - Detected database type: sqlserver
2025-04-22 14:09:05 - schema - DEBUG - Schema validation completed
2025-04-22 14:09:05 - schema - DEBUG - Saved schema to schema_cache\BikeStores\schema.json
2025-04-22 14:09:05 - patterns - DEBUG - Loaded patterns from app-config/global_patterns.json
2025-04-22 14:09:05 - patterns - DEBUG - Initialized PatternManager with 0 patterns
2025-04-22 14:09:05 - sentence_transformers.SentenceTransformer - INFO - Use pytorch device_name: cuda:0
2025-04-22 14:09:05 - sentence_transformers.SentenceTransformer - INFO - Load pretrained SentenceTransformer: all-distilroberta-v1
2025-04-22 14:09:11 - feedback - DEBUG - Initialized FeedbackManager for BikeStores
2025-04-22 14:09:13 - nlp_pipeline - DEBUG - Loading patterns
2025-04-22 14:09:13 - nlp_pipeline - DEBUG - Patterns loaded
2025-04-22 14:09:13 - nlp_pipeline - DEBUG - Initialized NLPPipeline
2025-04-22 14:09:13 - sentence_transformers.SentenceTransformer - INFO - Use pytorch device_name: cuda:0
2025-04-22 14:09:13 - sentence_transformers.SentenceTransformer - INFO - Load pretrained SentenceTransformer: all-distilroberta-v1
2025-04-22 14:09:17 - name_match_manager - DEBUG - Initialized NameMatchManager for BikeStores
2025-04-22 14:09:17 - sentence_transformers.SentenceTransformer - INFO - Use pytorch device_name: cuda:0
2025-04-22 14:09:17 - sentence_transformers.SentenceTransformer - INFO - Load pretrained SentenceTransformer: all-distilroberta-v1
2025-04-22 14:09:19 - sentence_transformers.SentenceTransformer - INFO - Use pytorch device_name: cuda:0
2025-04-22 14:09:19 - sentence_transformers.SentenceTransformer - INFO - Load pretrained SentenceTransformer: all-distilroberta-v1
2025-04-22 14:09:22 - name_match_manager - DEBUG - Initialized NameMatchManager for BikeStores
2025-04-22 14:09:22 - table_identifier - ERROR - Error loading CSV: Error tokenizing data. C error: Expected 13 fields in line 3, saw 16

2025-04-22 14:09:22 - table_identifier - DEBUG - Initialized TableIdentifier
2025-04-22 14:09:22 - query_processor - DEBUG - Initialized QueryProcessor for BikeStores
2025-04-22 14:09:22 - analyzer - DEBUG - Managers initialized
2025-04-22 14:09:22 - analyzer - INFO - Connected to BikeStores
2025-04-22 14:09:22 - interface - INFO - Successfully connected to database
2025-04-22 14:09:26 - feedback - DEBUG - Top 3 queries: []
2025-04-22 14:09:30 - query_processor - DEBUG - Processing query: Show me all stores with store names
2025-04-22 14:09:30 - table_identifier - DEBUG - Identifying tables for query: Show me all stores with store names
